c:\users\yam_l\wallpaper-imgui\wallpaper-imgui\build\openglim.dir\release\glad.obj
c:\users\yam_l\wallpaper-imgui\wallpaper-imgui\build\openglim.dir\release\imgui_draw.obj
c:\users\yam_l\wallpaper-imgui\wallpaper-imgui\build\openglim.dir\release\imgui_tables.obj
c:\users\yam_l\wallpaper-imgui\wallpaper-imgui\build\openglim.dir\release\imgui_impl_opengl3.obj
c:\users\yam_l\wallpaper-imgui\wallpaper-imgui\build\openglim.dir\release\main.obj
c:\users\yam_l\wallpaper-imgui\wallpaper-imgui\build\openglim.dir\release\imgui_demo.obj
c:\users\yam_l\wallpaper-imgui\wallpaper-imgui\build\openglim.dir\release\imgui_impl_glfw.obj
c:\users\yam_l\wallpaper-imgui\wallpaper-imgui\build\openglim.dir\release\imgui_freetype.obj
c:\users\yam_l\wallpaper-imgui\wallpaper-imgui\build\openglim.dir\release\imgui.obj
c:\users\yam_l\wallpaper-imgui\wallpaper-imgui\build\openglim.dir\release\imgui_widgets.obj
c:\users\yam_l\wallpaper-imgui\wallpaper-imgui\build\openglim.dir\release\imgui_impl_dx12.obj
c:\users\yam_l\wallpaper-imgui\wallpaper-imgui\build\openglim.dir\release\imgui_impl_win32.obj
c:\users\yam_l\wallpaper-imgui\wallpaper-imgui\build\cmakefiles\generate.stamp
c:\users\yam_l\wallpaper-imgui\wallpaper-imgui\build\release\openglim.exe
c:\users\yam_l\wallpaper-imgui\wallpaper-imgui\build\openglim.dir\release\openglim.tlog\cl.command.1.tlog
c:\users\yam_l\wallpaper-imgui\wallpaper-imgui\build\openglim.dir\release\openglim.tlog\cl.read.1.tlog
c:\users\yam_l\wallpaper-imgui\wallpaper-imgui\build\openglim.dir\release\openglim.tlog\cl.write.1.tlog
c:\users\yam_l\wallpaper-imgui\wallpaper-imgui\build\openglim.dir\release\openglim.tlog\custombuild.command.1.tlog
c:\users\yam_l\wallpaper-imgui\wallpaper-imgui\build\openglim.dir\release\openglim.tlog\custombuild.read.1.tlog
c:\users\yam_l\wallpaper-imgui\wallpaper-imgui\build\openglim.dir\release\openglim.tlog\custombuild.write.1.tlog
c:\users\yam_l\wallpaper-imgui\wallpaper-imgui\build\openglim.dir\release\openglim.tlog\link-cvtres.read.1.tlog
c:\users\yam_l\wallpaper-imgui\wallpaper-imgui\build\openglim.dir\release\openglim.tlog\link-cvtres.write.1.tlog
c:\users\yam_l\wallpaper-imgui\wallpaper-imgui\build\openglim.dir\release\openglim.tlog\link-rc.read.1.tlog
c:\users\yam_l\wallpaper-imgui\wallpaper-imgui\build\openglim.dir\release\openglim.tlog\link-rc.write.1.tlog
c:\users\yam_l\wallpaper-imgui\wallpaper-imgui\build\openglim.dir\release\openglim.tlog\link.command.1.tlog
c:\users\yam_l\wallpaper-imgui\wallpaper-imgui\build\openglim.dir\release\openglim.tlog\link.read.1.tlog
c:\users\yam_l\wallpaper-imgui\wallpaper-imgui\build\openglim.dir\release\openglim.tlog\link.write.1.tlog
