c:\users\yam_l\wallpaper-imgui\wallpaper-imgui\build\openglim.dir\debug\imgui_widgets.obj
c:\users\yam_l\wallpaper-imgui\wallpaper-imgui\build\openglim.dir\debug\imgui_tables.obj
c:\users\yam_l\wallpaper-imgui\wallpaper-imgui\build\openglim.dir\debug\imgui_impl_win32.obj
c:\users\yam_l\wallpaper-imgui\wallpaper-imgui\build\openglim.dir\debug\imgui_draw.obj
c:\users\yam_l\wallpaper-imgui\wallpaper-imgui\build\openglim.dir\debug\imgui_freetype.obj
c:\users\yam_l\wallpaper-imgui\wallpaper-imgui\build\openglim.dir\debug\main.obj
c:\users\yam_l\wallpaper-imgui\wallpaper-imgui\build\openglim.dir\debug\imgui_impl_dx12.obj
c:\users\yam_l\wallpaper-imgui\wallpaper-imgui\build\openglim.dir\debug\imgui.obj
c:\users\yam_l\wallpaper-imgui\wallpaper-imgui\build\openglim.dir\debug\imgui_demo.obj
c:\users\yam_l\wallpaper-imgui\wallpaper-imgui\build\openglim.dir\debug\ffplay.obj
c:\users\yam_l\wallpaper-imgui\wallpaper-imgui\build\openglim.dir\debug\vc143.pdb
c:\users\yam_l\wallpaper-imgui\wallpaper-imgui\build\cmakefiles\generate.stamp
c:\users\yam_l\wallpaper-imgui\wallpaper-imgui\build\openglim.dir\debug\openglim.ilk
c:\users\yam_l\wallpaper-imgui\wallpaper-imgui\build\debug\openglim.pdb
c:\users\yam_l\wallpaper-imgui\wallpaper-imgui\build\debug\openglim.exe
c:\users\yam_l\wallpaper-imgui\wallpaper-imgui\build\openglim.dir\debug\openglim.tlog\cl.command.1.tlog
c:\users\yam_l\wallpaper-imgui\wallpaper-imgui\build\openglim.dir\debug\openglim.tlog\cl.read.1.tlog
c:\users\yam_l\wallpaper-imgui\wallpaper-imgui\build\openglim.dir\debug\openglim.tlog\cl.write.1.tlog
c:\users\yam_l\wallpaper-imgui\wallpaper-imgui\build\openglim.dir\debug\openglim.tlog\custombuild.command.1.tlog
c:\users\yam_l\wallpaper-imgui\wallpaper-imgui\build\openglim.dir\debug\openglim.tlog\custombuild.read.1.tlog
c:\users\yam_l\wallpaper-imgui\wallpaper-imgui\build\openglim.dir\debug\openglim.tlog\custombuild.write.1.tlog
c:\users\yam_l\wallpaper-imgui\wallpaper-imgui\build\openglim.dir\debug\openglim.tlog\link.command.1.tlog
c:\users\yam_l\wallpaper-imgui\wallpaper-imgui\build\openglim.dir\debug\openglim.tlog\link.read.1.tlog
c:\users\yam_l\wallpaper-imgui\wallpaper-imgui\build\openglim.dir\debug\openglim.tlog\link.write.1.tlog
